0 info it worked if it ends with ok
1 verbose cli [ '/Users/calvins/.nvm/versions/node/v8.8.1/bin/node',
1 verbose cli   '/Users/calvins/.node/bin/npm',
1 verbose cli   'install',
1 verbose cli   '-g',
1 verbose cli   '@latest' ]
2 info using npm@3.5.1
3 info using node@v8.8.1
4 verbose stack Error: Cannot find module 'internal/util/types'
4 verbose stack     at Function.Module._resolveFilename (module.js:513:15)
4 verbose stack     at Function.Module._load (module.js:463:25)
4 verbose stack     at Module.require (module.js:556:17)
4 verbose stack     at require (internal/module.js:11:18)
4 verbose stack     at evalmachine.<anonymous>:31:26
4 verbose stack     at Object.<anonymous> (/Users/calvins/.node/lib/node_modules/npm/node_modules/cmd-shim/node_modules/graceful-fs/fs.js:11:1)
4 verbose stack     at Module._compile (module.js:612:30)
4 verbose stack     at Object.Module._extensions..js (module.js:623:10)
4 verbose stack     at Module.load (module.js:531:32)
4 verbose stack     at tryModuleLoad (module.js:494:12)
5 verbose cwd /Users/calvins/Documents/projects/todo/todo_node
6 error Darwin 17.2.0
7 error argv "/Users/calvins/.nvm/versions/node/v8.8.1/bin/node" "/Users/calvins/.node/bin/npm" "install" "-g" "@latest"
8 error node v8.8.1
9 error npm  v3.5.1
10 error code MODULE_NOT_FOUND
11 error Cannot find module 'internal/util/types'
12 error If you need help, you may report this error at:
12 error     <https://github.com/npm/npm/issues>
13 verbose exit [ 1, true ]
